This is pdfTeX, Version 3.14159265-2.6-1.40.17 (TeX Live 2016) (preloaded format=pdflatex 2016.8.24)  7 SEP 2016 05:11
entering extended mode
 restricted \write18 enabled.
 file:line:error style messages enabled.
 %&-line parsing enabled.
**main.tex
(./main.tex
LaTeX2e <2016/03/31>
Babel <3.9r> and hyphenation patterns for 83 language(s) loaded.
(./statapress.cls
Document Class: statapress 2008/06/04 v1.17 Stata Press Book document class
LaTeX Info: Redefining \em on input line 53.
(/usr/local/texlive/2016/texmf-dist/tex/latex/base/book.cls
Document Class: book 2014/09/29 v1.4h Standard LaTeX document class
(/usr/local/texlive/2016/texmf-dist/tex/latex/base/bk10.clo
File: bk10.clo 2014/09/29 v1.4h Standard LaTeX file (size option)
)
\c@part=\count79
\c@chapter=\count80
\c@section=\count81
\c@subsection=\count82
\c@subsubsection=\count83
\c@paragraph=\count84
\c@subparagraph=\count85
\c@figure=\count86
\c@table=\count87
\abovecaptionskip=\skip41
\belowcaptionskip=\skip42
\bibindent=\dimen102
)
(/usr/local/texlive/2016/texmf-dist/tex/latex/hyperref/hyperref.sty
Package: hyperref 2016/05/05 v6.83n Hypertext links for LaTeX

(/usr/local/texlive/2016/texmf-dist/tex/generic/oberdiek/hobsub-hyperref.sty
Package: hobsub-hyperref 2016/05/16 v1.14 Bundle oberdiek, subset hyperref (HO)


(/usr/local/texlive/2016/texmf-dist/tex/generic/oberdiek/hobsub-generic.sty
Package: hobsub-generic 2016/05/16 v1.14 Bundle oberdiek, subset generic (HO)
Package: hobsub 2016/05/16 v1.14 Construct package bundles (HO)
Package: infwarerr 2016/05/16 v1.4 Providing info/warning/error messages (HO)
Package: ltxcmds 2016/05/16 v1.23 LaTeX kernel commands for general use (HO)
Package: ifluatex 2016/05/16 v1.4 Provides the ifluatex switch (HO)
Package ifluatex Info: LuaTeX not detected.
Package: ifvtex 2016/05/16 v1.6 Detect VTeX and its facilities (HO)
Package ifvtex Info: VTeX not detected.
Package: intcalc 2016/05/16 v1.2 Expandable calculations with integers (HO)
Package: ifpdf 2016/05/14 v3.1 Provides the ifpdf switch
Package: etexcmds 2016/05/16 v1.6 Avoid name clashes with e-TeX commands (HO)
Package etexcmds Info: Could not find \expanded.
(etexcmds)             That can mean that you are not using pdfTeX 1.50 or
(etexcmds)             that some package has redefined \expanded.
(etexcmds)             In the latter case, load this package earlier.
Package: kvsetkeys 2016/05/16 v1.17 Key value parser (HO)
Package: kvdefinekeys 2016/05/16 v1.4 Define keys (HO)
Package: pdftexcmds 2016/05/10 v0.21 Utility functions of pdfTeX for LuaTeX (HO
)
Package pdftexcmds Info: LuaTeX not detected.
Package pdftexcmds Info: \pdf@primitive is available.
Package pdftexcmds Info: \pdf@ifprimitive is available.
Package pdftexcmds Info: \pdfdraftmode found.
Package: pdfescape 2016/05/16 v1.14 Implements pdfTeX's escape features (HO)
Package: bigintcalc 2016/05/16 v1.4 Expandable calculations on big integers (HO
)
Package: bitset 2016/05/16 v1.2 Handle bit-vector datatype (HO)
Package: uniquecounter 2016/05/16 v1.3 Provide unlimited unique counter (HO)
)
Package hobsub Info: Skipping package `hobsub' (already loaded).
Package: letltxmacro 2016/05/16 v1.5 Let assignment for LaTeX macros (HO)
Package: hopatch 2016/05/16 v1.3 Wrapper for package hooks (HO)
Package: xcolor-patch 2016/05/16 xcolor patch
Package: atveryend 2016/05/16 v1.9 Hooks at the very end of document (HO)
Package atveryend Info: \enddocument detected (standard20110627).
Package: atbegshi 2016/05/16 v1.17 At begin shipout hook (HO)
Package: refcount 2016/05/16 v3.5 Data extraction from label references (HO)
Package: hycolor 2016/05/16 v1.8 Color options for hyperref/bookmark (HO)
)
(/usr/local/texlive/2016/texmf-dist/tex/latex/graphics/keyval.sty
Package: keyval 2014/10/28 v1.15 key=value parser (DPC)
\KV@toks@=\toks14
)
(/usr/local/texlive/2016/texmf-dist/tex/generic/ifxetex/ifxetex.sty
Package: ifxetex 2010/09/12 v0.6 Provides ifxetex conditional
)
(/usr/local/texlive/2016/texmf-dist/tex/latex/oberdiek/auxhook.sty
Package: auxhook 2016/05/16 v1.4 Hooks for auxiliary files (HO)
)
(/usr/local/texlive/2016/texmf-dist/tex/latex/oberdiek/kvoptions.sty
Package: kvoptions 2016/05/16 v3.12 Key value format for package options (HO)
)
\@linkdim=\dimen103
\Hy@linkcounter=\count88
\Hy@pagecounter=\count89

(/usr/local/texlive/2016/texmf-dist/tex/latex/hyperref/pd1enc.def
File: pd1enc.def 2016/05/05 v6.83n Hyperref: PDFDocEncoding definition (HO)
)
\Hy@SavedSpaceFactor=\count90

(/usr/local/texlive/2016/texmf-dist/tex/latex/latexconfig/hyperref.cfg
File: hyperref.cfg 2002/06/06 v1.2 hyperref configuration of TeXLive
)
Package hyperref Info: Hyper figures OFF on input line 4446.
Package hyperref Info: Link nesting OFF on input line 4451.
Package hyperref Info: Hyper index ON on input line 4454.
Package hyperref Info: Plain pages OFF on input line 4461.
Package hyperref Info: Backreferencing OFF on input line 4466.
Package hyperref Info: Implicit mode ON; LaTeX internals redefined.
Package hyperref Info: Bookmarks ON on input line 4691.
\c@Hy@tempcnt=\count91

(/usr/local/texlive/2016/texmf-dist/tex/latex/url/url.sty
\Urlmuskip=\muskip10
Package: url 2013/09/16  ver 3.4  Verb mode for urls, etc.
)
LaTeX Info: Redefining \url on input line 5044.
\XeTeXLinkMargin=\dimen104
\Fld@menulength=\count92
\Field@Width=\dimen105
\Fld@charsize=\dimen106
Package hyperref Info: Hyper figures OFF on input line 6298.
Package hyperref Info: Link nesting OFF on input line 6303.
Package hyperref Info: Hyper index ON on input line 6306.
Package hyperref Info: backreferencing OFF on input line 6313.
Package hyperref Info: Link coloring OFF on input line 6318.
Package hyperref Info: Link coloring with OCG OFF on input line 6323.
Package hyperref Info: PDF/A mode OFF on input line 6328.
LaTeX Info: Redefining \ref on input line 6368.
LaTeX Info: Redefining \pageref on input line 6372.
\Hy@abspage=\count93
\c@Item=\count94
\c@Hfootnote=\count95
)

Package hyperref Message: Driver (autodetected): hpdftex.

(/usr/local/texlive/2016/texmf-dist/tex/latex/hyperref/hpdftex.def
File: hpdftex.def 2016/05/05 v6.83n Hyperref driver for pdfTeX
\Fld@listcount=\count96
\c@bookmark@seq@number=\count97

(/usr/local/texlive/2016/texmf-dist/tex/latex/oberdiek/rerunfilecheck.sty
Package: rerunfilecheck 2016/05/16 v1.8 Rerun checks for auxiliary files (HO)
Package uniquecounter Info: New unique counter `rerunfilecheck' on input line 2
82.
)
\Hy@SectionHShift=\skip43
)
(/usr/local/texlive/2016/texmf-dist/tex/latex/graphics/color.sty
Package: color 2016/05/09 v1.1c Standard LaTeX Color (DPC)

(/usr/local/texlive/2016/texmf-dist/tex/latex/graphics-cfg/color.cfg
File: color.cfg 2016/01/02 v1.6 sample color configuration
)
Package color Info: Driver file: pdftex.def on input line 144.

(/usr/local/texlive/2016/texmf-dist/tex/latex/pdftex-def/pdftex.def
File: pdftex.def 2011/05/27 v0.06d Graphics/color for pdfTeX
\Gread@gobject=\count98
))
(/usr/local/texlive/2016/texmf-dist/tex/latex/natbib/natbib.sty
Package: natbib 2010/09/13 8.31b (PWD, AO)
\bibhang=\skip44
\bibsep=\skip45
LaTeX Info: Redefining \cite on input line 694.
\c@NAT@ctr=\count99
)
(/usr/local/texlive/2016/texmf-dist/tex/latex/base/makeidx.sty
Package: makeidx 2014/09/29 v1.0m Standard LaTeX package
)
(/usr/local/texlive/2016/texmf-dist/tex/latex/base/showidx.sty
Package: showidx 2014/09/29 v1.0m Standard LaTeX package
\indexbox=\insert199
)

! LaTeX Error: File `multind.sty' not found.

Type X to quit or <RETURN> to proceed,
or enter new name. (Default extension: sty)

Enter file name: 
\digitwidth=\dimen107
\appdigitwidth=\dimen108
\bibindent=\dimen109
) (./pagedims.sty
Package: pagedims 2013/10/17 v1.02 Stata Press standard page dimensions
\stockwidth=\dimen110
 (/usr/local/texlive/2016/texmf-dist/tex/latex/crop/crop.sty
Package: crop 2003/05/20 v1.9 crop marks (mf)
\stockheight=\dimen111
\CROP@index=\count100

(/usr/local/texlive/2016/texmf-dist/tex/latex/graphics/graphics.sty
Package: graphics 2016/05/09 v1.0r Standard LaTeX Graphics (DPC,SPQR)

(/usr/local/texlive/2016/texmf-dist/tex/latex/graphics/trig.sty
Package: trig 2016/01/03 v1.10 sin cos tan (DPC)
)
(/usr/local/texlive/2016/texmf-dist/tex/latex/graphics-cfg/graphics.cfg
File: graphics.cfg 2016/01/02 v1.10 sample graphics configuration
)
Package graphics Info: Driver file: pdftex.def on input line 96.
)
\CROP@offset=\count101
Package crop Info: Local config file crop.cfg used on input line 605.

(/usr/local/texlive/2016/texmf-dist/tex/xelatex/xetexconfig/crop.cfg))
(/usr/local/texlive/2016/texmf-dist/tex/latex/tools/calc.sty
Package: calc 2014/10/28 v4.3 Infix arithmetic (KKT,FJ)
\calc@Acount=\count102
\calc@Bcount=\count103
\calc@Adimen=\dimen112
\calc@Bdimen=\dimen113
\calc@Askip=\skip46
\calc@Bskip=\skip47
LaTeX Info: Redefining \setlength on input line 80.
LaTeX Info: Redefining \addtolength on input line 81.
\calc@Ccount=\count104
\calc@Cskip=\skip48
)
\pdDefaultOffset=\skip49
\pdOutsideOffset=\skip50
\pd@pgheight=\skip51
\pd@pgwidth=\skip52
\pd@voffset=\skip53
\pd@hoffset=\skip54
\pd@topmargin=\skip55
\pd@letter@wd=\skip56
\pd@letter@ht=\skip57
) (./sj.sty
Package: sj 2003/12/10 v1.22 Stata Journal package

(/usr/local/texlive/2016/texmf-dist/tex/latex/base/ifthen.sty
Package: ifthen 2014/09/29 v1.1c Standard LaTeX ifthen package (DPC)
)
(/usr/local/texlive/2016/texmf-dist/tex/latex/cite/chapterbib.sty
\c@inputfile=\count105
Package: chapterbib 2010/09/18  v 1.17
)
\sj@tagfile=\write3
\openout3 = `main.tag'.

\columnpicbox=\box26
\columnpichght=\count106
\sj@len@max@title=\skip58
\sj@len@a=\skip59
\sj@len@b=\skip60
\sj@pp@file=\write4
\c@sj@pp@thispage=\count107
)
(/usr/local/texlive/2016/texmf-dist/tex/latex/graphics/epsfig.sty
Package: epsfig 1999/02/16 v1.7a (e)psfig emulation (SPQR)

(/usr/local/texlive/2016/texmf-dist/tex/latex/graphics/graphicx.sty
Package: graphicx 2014/10/28 v1.0g Enhanced LaTeX Graphics (DPC,SPQR)
\Gin@req@height=\dimen114
\Gin@req@width=\dimen115
)
\epsfxsize=\dimen116
\epsfysize=\dimen117
)
(./stata.sty
Package: stata 2013/10/23 v1.34 LaTeX package for Stata code
 (/usr/local/texlive/2016/texmf-dist/tex/latex/base/alltt.sty
Package: alltt 1997/06/16 v2.0g defines alltt environment
)
\st@box=\box27
\st@box@wd=\dimen118
\st@box@ht=\dimen119
\st@box@dp=\dimen120
\stsyndent=\skip61
\streswidth=\skip62
\st@parindent=\skip63
\stexamplehskip=\skip64
\sttechhskip=\skip65
\st@ttbox@box=\box28
\st@ttbox@framesep=\dimen121
\ttboxIndent=\dimen122
\ttboxWd=\dimen123
\st@ttbox@boxwd=\dimen124
\st@box=\box29
\st@emptywidth=\skip66
\st@linesize=\skip67
\st@maxdepth=\skip68
\st@maxheight=\skip69
\st@mbdepth=\skip70
\st@mtdepth=\skip71
\st@xheight=\skip72
\st@xwidth=\skip73
\st@N=\count108
)
(/usr/local/texlive/2016/texmf-dist/tex/latex/shadow/shadow.sty
Package: shadow 2003/02/19 v1.3 shadow boxes (M.O.)
\txtwdth=\dimen125
\sht=\dimen126
\shw=\dimen127
\shbox=\box30
\sboxsep=\dimen128
\sboxrule=\dimen129
\sdim=\dimen130
)
No file main.aux.
\openout1 = `main.aux'.

LaTeX Font Info:    Checking defaults for OML/cmm/m/it on input line 26.
LaTeX Font Info:    ... okay on input line 26.
LaTeX Font Info:    Checking defaults for T1/cmr/m/n on input line 26.
LaTeX Font Info:    ... okay on input line 26.
LaTeX Font Info:    Checking defaults for OT1/cmr/m/n on input line 26.
LaTeX Font Info:    ... okay on input line 26.
LaTeX Font Info:    Checking defaults for OMS/cmsy/m/n on input line 26.
LaTeX Font Info:    ... okay on input line 26.
LaTeX Font Info:    Checking defaults for OMX/cmex/m/n on input line 26.
LaTeX Font Info:    ... okay on input line 26.
LaTeX Font Info:    Checking defaults for U/cmr/m/n on input line 26.
LaTeX Font Info:    ... okay on input line 26.
LaTeX Font Info:    Checking defaults for PD1/pdf/m/n on input line 26.
LaTeX Font Info:    ... okay on input line 26.
\AtBeginShipoutBox=\box31
Package atbegshi Info: Package `crop' patched.
Package hyperref Info: Link coloring OFF on input line 26.
(/usr/local/texlive/2016/texmf-dist/tex/latex/hyperref/nameref.sty
Package: nameref 2012/10/27 v2.43 Cross-referencing by name of section

(/usr/local/texlive/2016/texmf-dist/tex/generic/oberdiek/gettitlestring.sty
Package: gettitlestring 2016/05/16 v1.5 Cleanup title references (HO)
)
\c@section@level=\count109
)
LaTeX Info: Redefining \ref on input line 26.
LaTeX Info: Redefining \pageref on input line 26.
LaTeX Info: Redefining \nameref on input line 26.
\@outlinefile=\write5
\openout5 = `main.out'.


(/usr/local/texlive/2016/texmf-dist/tex/context/base/mkii/supp-pdf.mkii
[Loading MPS to PDF converter (version 2006.09.02).]
\scratchcounter=\count110
\scratchdimen=\dimen131
\scratchbox=\box32
\nofMPsegments=\count111
\nofMParguments=\count112
\everyMPshowfont=\toks15
\MPscratchCnt=\count113
\MPscratchDim=\dimen132
\MPnumerator=\count114
\makeMPintoPDFobject=\count115
\everyMPtoPDFconversion=\toks16
) (/usr/local/texlive/2016/texmf-dist/tex/latex/oberdiek/epstopdf-base.sty
Package: epstopdf-base 2016/05/15 v2.6 Base part for package epstopdf

(/usr/local/texlive/2016/texmf-dist/tex/latex/oberdiek/grfext.sty
Package: grfext 2016/05/16 v1.2 Manage graphics extensions (HO)
)
Package grfext Info: Graphics extension search list:
(grfext)             [.png,.pdf,.jpg,.mps,.jpeg,.jbig2,.jb2,.PNG,.PDF,.JPG,.JPE
G,.JBIG2,.JB2,.eps]
(grfext)             \AppendGraphicsExtensions on input line 456.

(/usr/local/texlive/2016/texmf-dist/tex/latex/latexconfig/epstopdf-sys.cfg
File: epstopdf-sys.cfg 2010/07/13 v1.3 Configuration of (r)epstopdf for TeX Liv
e
))
Package crop Info: requested driver: `' on input line 26.
Package crop Info: detected driver: `pdftex' on input line 26.
Package crop Info: using `pdftex' graphics driver on input line 26.

(./readme.tex
LaTeX Font Info:    External font `cmex10' loaded for size
(Font)              <7> on input line 11.
LaTeX Font Info:    External font `cmex10' loaded for size
(Font)              <5> on input line 11.

New article: (chapter 1: dest st0001)
Package sj Info: New article: (chapter 1: dest st0001) on input line 11.

Package hyperref Warning: Token not allowed in a PDF string (PDFDocEncoding):
(hyperref)                removing `\cleaders' on input line 11.


Package hyperref Warning: Token not allowed in a PDF string (PDFDocEncoding):
(hyperref)                removing `\hbox' on input line 11.


Package hyperref Warning: Token not allowed in a PDF string (PDFDocEncoding):
(hyperref)                removing `\hss' on input line 11.


Package hyperref Warning: Token not allowed in a PDF string (PDFDocEncoding):
(hyperref)                removing `\hss' on input line 11.


Package hyperref Warning: Token not allowed in a PDF string (PDFDocEncoding):
(hyperref)                removing `\hfill' on input line 11.

(./sj.tex
LaTeX Font Info:    External font `cmex10' loaded for size
(Font)              <9> on input line 41.
LaTeX Font Info:    External font `cmex10' loaded for size
(Font)              <6> on input line 41.
LaTeX Font Info:    Try loading font information for OMS+cmr on input line 41.
 (/usr/local/texlive/2016/texmf-dist/tex/latex/base/omscmr.fd
File: omscmr.fd 2014/09/29 v2.5h Standard LaTeX font definitions
)
LaTeX Font Info:    Font shape `OMS/cmr/m/n' in size <9> not available
(Font)              Font shape `OMS/cmsy/m/n' tried instead on input line 41.

[1{/usr/local/texlive/2016/texmf-var/fonts/map/pdftex/updmap/pdftex.map}



]

Package natbib Warning: Citation `akaike' on page 2 undefined on input line 90.



Package natbib Warning: Citation `benAkivaLerman' on page 2 undefined on input 
line 90.


Package natbib Warning: Citation `dykePatterson' on page 2 undefined on input l
ine 90.


Package natbib Warning: Citation `greene03' on page 2 undefined on input line 9
1.


Package natbib Warning: Citation `kendallstuart' on page 2 undefined on input l
ine 92.


Package natbib Warning: Citation `hilbe93a' on page 2 undefined on input line 9
2.


Package natbib Warning: Citation `hilbe94' on page 2 undefined on input line 92
.


Package natbib Warning: Citation `hilbe93b' on page 2 undefined on input line 9
2.


Package natbib Warning: Citation `maddala83' on page 2 undefined on input line 
93.


Package natbib Warning: Citation `latexcompanion' on page 2 undefined on input 
line 93.


Package natbib Warning: Citation `akaike' on page 2 undefined on input line 99.



Package natbib Warning: Citation `akaike' on page 2 undefined on input line 99.



Package natbib Warning: Citation `benAkivaLerman' on page 2 undefined on input 
line 99.


Package natbib Warning: Citation `benAkivaLerman' on page 2 undefined on input 
line 99.


Package natbib Warning: Citation `dykePatterson' on page 2 undefined on input l
ine 99.


Package natbib Warning: Citation `dykePatterson' on page 2 undefined on input l
ine 99.


Package natbib Warning: Citation `greene03' on page 2 undefined on input line 1
00.


Package natbib Warning: Citation `greene03' on page 2 undefined on input line 1
00.


Package natbib Warning: Citation `kendallstuart' on page 2 undefined on input l
ine 100.


Package natbib Warning: Citation `kendallstuart' on page 2 undefined on input l
ine 100.


Package natbib Warning: Citation `hilbe93a' on page 2 undefined on input line 1
00.


Package natbib Warning: Citation `hilbe93a' on page 2 undefined on input line 1
00.


Package natbib Warning: Citation `hilbe94' on page 2 undefined on input line 10
0.


Package natbib Warning: Citation `hilbe94' on page 2 undefined on input line 10
0.


Package natbib Warning: Citation `hilbe93b' on page 2 undefined on input line 1
01.


Package natbib Warning: Citation `hilbe93b' on page 2 undefined on input line 1
01.


Package natbib Warning: Citation `maddala83' on page 2 undefined on input line 
101.


Package natbib Warning: Citation `maddala83' on page 2 undefined on input line 
101.


Package natbib Warning: Citation `latexcompanion' on page 2 undefined on input 
line 101.


Package natbib Warning: Citation `latexcompanion' on page 2 undefined on input 
line 101.

[2

]

Package natbib Warning: Citation `latexcompanion' on page 3 undefined on input 
line 133.

) (./stata.tex

LaTeX Warning: Reference `table:manref' on page 3 undefined on input line 11.

[3

] [4

]

LaTeX Warning: Reference `table:syntax' on page 5 undefined on input line 108.

LaTeX Font Info:    Font shape `OMS/cmr/m/n' in size <10> not available
(Font)              Font shape `OMS/cmsy/m/n' tried instead on input line 201.
[5] (./output1.log.tex) [6]
LaTeX Font Info:    External font `cmex10' loaded for size
(Font)              <8> on input line 295.
 [7

] (./output.do.log.tex)

Package natbib Warning: Citation `texbook' on page 8 undefined on input line 32
2.


Package natbib Warning: Citation `latexbook' on page 8 undefined on input line 
341.

[8

]

LaTeX Warning: Reference `fig' on page 9 undefined on input line 356.


LaTeX Warning: Reference `sec:output' on page 9 undefined on input line 373.


Package natbib Warning: Citation `latexcompanion' on page 9 undefined on input 
line 374.

<output1.pdf, id=73, 258.9675pt x 188.705pt>
File: output1.pdf Graphic file (type pdf)
 <use output1.pdf>
Package pdftex.def Info: output1.pdf used on input line 378.
(pdftex.def)             Requested size: 258.96684pt x 188.70453pt.

Underfull \vbox (badness 10000) has occurred while \output is active []

 [9 <./output1.pdf>] <tr.pdf, id=85, 6.8255pt x 7.6285pt>
File: tr.pdf Graphic file (type pdf)
 <use tr.pdf>
Package pdftex.def Info: tr.pdf used on input line 459.
(pdftex.def)             Requested size: 6.82547pt x 7.62846pt.

<tl.pdf, id=86, 6.8255pt x 7.32738pt>
File: tl.pdf Graphic file (type pdf)
 <use tl.pdf>
Package pdftex.def Info: tl.pdf used on input line 460.
(pdftex.def)             Requested size: 6.82547pt x 7.32735pt.
File: tr.pdf Graphic file (type pdf)
 <use tr.pdf>
Package pdftex.def Info: tr.pdf used on input line 464.
(pdftex.def)             Requested size: 6.82547pt x 7.62846pt.
File: tl.pdf Graphic file (type pdf)
 <use tl.pdf>
Package pdftex.def Info: tl.pdf used on input line 471.
(pdftex.def)             Requested size: 6.82547pt x 7.32735pt.


LaTeX Warning: Reference `table:specialch' on page 10 undefined on input line 4
84.

[10 <./tr.pdf> <./tl.pdf>]

LaTeX Warning: Reference `eq:Exbar' on page 11 undefined on input line 527.


LaTeX Warning: Reference `eq:varbetahat' on page 11 undefined on input line 536
.

[11])
No file main.bbl.
) [12

]

Package natbib Warning: There were undefined citations.

\openout4 = `main.pp1'.

Package atveryend Info: Empty hook `BeforeClearDocument' on input line 32.
Package atveryend Info: Empty hook `AfterLastShipout' on input line 32.
(./main.aux)
Package atveryend Info: Executing hook `AtVeryEndDocument' on input line 32.
Package atveryend Info: Executing hook `AtEndAfterFileList' on input line 32.


Package rerunfilecheck Warning: File `main.out' has changed.
(rerunfilecheck)                Rerun to get outlines right
(rerunfilecheck)                or use package `bookmark'.

Package rerunfilecheck Info: Checksums for `main.out':
(rerunfilecheck)             Before: <no file>
(rerunfilecheck)             After:  8D6E2B8FEC6A4CB0DC29602B400E310C;111.

LaTeX Warning: There were undefined references.


LaTeX Warning: Label(s) may have changed. Rerun to get cross-references right.

Package atveryend Info: Empty hook `AtVeryVeryEnd' on input line 32.
 ) 
Here is how much of TeX's memory you used:
 6358 strings out of 493014
 90967 string characters out of 6133351
 184563 words of memory out of 5000000
 9768 multiletter control sequences out of 15000+600000
 14689 words of font info for 50 fonts, out of 8000000 for 9000
 1141 hyphenation exceptions out of 8191
 36i,14n,25p,228b,562s stack positions out of 5000i,500n,10000p,200000b,80000s
</usr/local/texlive/2016/texmf-dist/fonts/type1/public/amsfonts/cm/cmbx10.pfb
></usr/local/texlive/2016/texmf-dist/fonts/type1/public/amsfonts/cm/cmbxsl10.pf
b></usr/local/texlive/2016/texmf-dist/fonts/type1/public/amsfonts/cm/cmbxti10.p
fb></usr/local/texlive/2016/texmf-dist/fonts/type1/public/amsfonts/cm/cmcsc10.p
fb></usr/local/texlive/2016/texmf-dist/fonts/type1/public/amsfonts/cm/cmex10.pf
b></usr/local/texlive/2016/texmf-dist/fonts/type1/public/amsfonts/cm/cmmi10.pfb
></usr/local/texlive/2016/texmf-dist/fonts/type1/public/amsfonts/cm/cmmi6.pfb><
/usr/local/texlive/2016/texmf-dist/fonts/type1/public/amsfonts/cm/cmmi9.pfb></u
sr/local/texlive/2016/texmf-dist/fonts/type1/public/amsfonts/cm/cmr10.pfb></usr
/local/texlive/2016/texmf-dist/fonts/type1/public/amsfonts/cm/cmr7.pfb></usr/lo
cal/texlive/2016/texmf-dist/fonts/type1/public/amsfonts/cm/cmr8.pfb></usr/local
/texlive/2016/texmf-dist/fonts/type1/public/amsfonts/cm/cmr9.pfb></usr/local/te
xlive/2016/texmf-dist/fonts/type1/public/amsfonts/cm/cmsl10.pfb></usr/local/tex
live/2016/texmf-dist/fonts/type1/public/amsfonts/cm/cmsl8.pfb></usr/local/texli
ve/2016/texmf-dist/fonts/type1/public/amsfonts/cm/cmsl9.pfb></usr/local/texlive
/2016/texmf-dist/fonts/type1/public/amsfonts/cm/cmssbx10.pfb></usr/local/texliv
e/2016/texmf-dist/fonts/type1/public/amsfonts/cm/cmsy10.pfb></usr/local/texlive
/2016/texmf-dist/fonts/type1/public/amsfonts/cm/cmsy7.pfb></usr/local/texlive/2
016/texmf-dist/fonts/type1/public/amsfonts/cm/cmsy9.pfb></usr/local/texlive/201
6/texmf-dist/fonts/type1/public/amsfonts/cm/cmti10.pfb></usr/local/texlive/2016
/texmf-dist/fonts/type1/public/amsfonts/cm/cmtt10.pfb></usr/local/texlive/2016/
texmf-dist/fonts/type1/public/amsfonts/cm/cmtt12.pfb></usr/local/texlive/2016/t
exmf-dist/fonts/type1/public/amsfonts/cm/cmtt8.pfb></usr/local/texlive/2016/tex
mf-dist/fonts/type1/public/amsfonts/cm/cmtt9.pfb>
Output written on main.pdf (12 pages, 290468 bytes).
PDF statistics:
 195 PDF objects out of 1000 (max. 8388607)
 151 compressed objects within 2 object streams
 34 named destinations out of 1000 (max. 500000)
 16 words of extra memory for PDF output out of 10000 (max. 10000000)

